Oct 10 13:09:07 USERNAME-DEV-VM Service_Control_Manager: 7023: The Superfetch service terminated with the following error: The service has not been started.
Oct 10 13:39:41 USERNAME-DEV-VM Winlogon: 4105: Windows is in Notification period.
Oct 10 14:08:56 USERNAME-DEV-VM CAPI2: 4107: Failed extract of third-party root list from auto update cab at: <http://www.download.windowsupdate.com/msdownload/update/v3/static/trustedr/en/authrootstl.cab> with error: A required certificate is not within its validity period when verifying against the current system clock or the timestamp in the signed file. .
Oct 10 14:08:56 USERNAME-DEV-VM CAPI2: 4107: Failed extract of third-party root list from auto update cab at: <http://www.download.windowsupdate.com/msdownload/update/v3/static/trustedr/en/authrootstl.cab> with error: A required certificate is not within its validity period when verifying against the current system clock or the timestamp in the signed file. .
Oct 10 14:09:11 USERNAME-DEV-VM CAPI2: 4107: Failed extract of third-party root list from auto update cab at: <http://www.download.windowsupdate.com/msdownload/update/v3/static/trustedr/en/authrootstl.cab> with error: A required certificate is not within its validity period when verifying against the current system clock or the timestamp in the signed file. .
Oct 10 14:25:28 USERNAME-DEV-VM Eventlog to Syslog Service Stopped
Oct 10 14:25:28 USERNAME-DEV-VM Creating file with filename: evtsys.cfg
Oct 10 14:25:28 USERNAME-DEV-VM Eventlog to Syslog Service Started: Version 4.5.1 (64-bit)
Oct 10 14:25:28 USERNAME-DEV-VM Flags: LogLevel=0, IncludeOnly=False, EnableTcp=False, IncludeTag=False, StatusInterval=0
Oct 10 14:25:28 USERNAME-DEV-VM Service_Control_Manager: 7036: The Eventlog to Syslog service entered the stopped state.
Oct 10 14:25:28 USERNAME-DEV-VM Service_Control_Manager: 7036: The Eventlog to Syslog service entered the running state.
Oct 10 14:25:44 USERNAME-DEV-VM Winsrv: 10001: The following application attempted to veto the shutdown: mmc.exe.
Oct 10 14:25:51 USERNAME-DEV-VM Desktop_Window_Manager: 9009: The Desktop Window Manager has exited with code (0x40010004)
Oct 10 14:25:51 USERNAME-DEV-VM Winlogon: 6000: The winlogon notification subscriber <SessionEnv> was unavailable to handle a notification event.
Oct 10 14:25:51 USERNAME-DEV-VM Security-Auditing: 4647: AUDIT_SUCCESS User initiated logoff: Subject: Security ID: S-1-5-21-1223658549-3667468651-3388596622-1001 Account Name: developer Account Domain: username-dev-vm Logon ID: 0x6d57fa This event is generated when a logoff is initiated. No further user-initiated activity can occur. This event can be interpreted as a logoff event.
Oct 10 14:25:51 USERNAME-DEV-VM Winlogon: 7002: User Logoff Notification for Customer Experience Improvement Program
Oct 10 14:26:09 USERNAME-DEV-VM Winlogon: 4105: Windows is in Notification period.
Oct 10 14:26:09 USERNAME-DEV-VM Security-Auditing: 4648: AUDIT_SUCCESS A logon was attempted using explicit credentials. Subject: Security ID: S-1-5-18 Account Name: USERNAME-DEV-VM$ Account Domain: WORKGROUP Logon ID: 0x3e7 Logon GUID: {00000000-0000-0000-0000-000000000000} Account Whose Credentials Were Used: Account Name: developer Account Domain: username-dev-vm Logon GUID: {00000000-0000-0000-0000-000000000000} Target Server: Target Server Name: localhost Additional Information: localhost Process Information: Process ID: 0x820 Process Name: C:\Windows\System32\winlogon.exe Network Information: Network Address: 127.0.0.1 Port: 0 This event is generated when a process attempts to log on an account by explicitly specifying that account’s credentials. This most commonly occurs in batch-type configurations such as scheduled tasks, or when using the RUNAS command.
Oct 10 14:26:09 USERNAME-DEV-VM Security-Auditing: 4624: AUDIT_SUCCESS An account was successfully logged on. Subject: Security ID: S-1-5-18 Account Name: USERNAME-DEV-VM$ Account Domain: WORKGROUP Logon ID: 0x3e7 Logon Type: 2 New Logon: Security ID: S-1-5-21-1223658549-3667468651-3388596622-1001 Account Name: developer Account Domain: username-dev-vm Logon ID: 0x8b32b5 Logon GUID: {00000000-0000-0000-0000-000000000000} Process Information: Process ID: 0x820 Process Name: C:\Windows\System32\winlogon.exe Network Information: Workstation Name: USERNAME-DEV-VM Source Network Address: 127.0.0.1 Source Port: 0 Detailed Authentication Information: Logon Process: User32 Authentication Package: Negotiate Transited Services: - Package Name (NTLM only): - Key Length: 0 This event is generated when a logon session is created. It is generated on the computer that was accessed. The subject fields indicate the account on the local system which requested the logon. This is most commonly a service such as the Server service, or a local process such as Winlogon.exe or Services.exe. The logon type field indicates the kind of logon that occurred. The most common types are 2 (interactive) and 3 (network). The New Logon fields indicate the account for whom the new logon was created, i.e. the account that was logged on. The network fields indicate where a remote logon request originated. Workstation name is not always available and may be left blank in some cases. The authentication information fields provide detailed information about this specific logon request. - Logon GUID is a unique identifier that can be used to correlate this event with a KDC event. - Transited services indicate which intermediate services have participated in this logon request. - Package name indicates which sub-protocol was used among the NTLM protocols. - Key length indicates the length of the generated session key. This will be 0 if no session key was requested.